

Version:	3.50
CmdLine:	C:\Users\Lenovo\Desktop\POO\PK-Tasks-Lista-De-Tareas-Java\PK-Tasks-Lista-De-Tareas-Java.exe --l4j-debug
JNI:		No
WOW64:		Yes
Working dir:	C:\Users\Lenovo\Desktop\POO\PK-Tasks-Lista-De-Tareas-Java\.
Requires JDK:	No
Requires 64-Bit: No
Java min ver:	1.008.000
Java max ver:	
Substitute:	JAVA_HOME = 
Substitute:	PATH = C:\Java\jdk-21\bin;C:\Program Files (x86)\NVIDIA Corporation\PhysX\Common;C:\Users\Lenovo\Documents\oracle19c\bin;C:\Program Files\Eclipse Adoptium\jdk-17.0.10.7-hotspot\bin;C:\Program Files\Common Files\Oracle\Java\javapath;C:\WINDOWS\system32;C:\WINDOWS;C:\WINDOWS\System32\Wbem;C:\WINDOWS\System32\WindowsPowerShell\v1.0\;C:\WINDOWS\System32\OpenSSH\;C:\Program Files\dotnet\;C:\Program Files\Git\cmd;C:\Program Files\Wolfram Research\WolframScript\;C:\Program Files\nodejs\;C:\Program Files\MATLAB\R2024b\bin;;C:\Program Files\Docker\Docker\resources\bin;C:\Program Files\WiX Toolset v6.0\bin\;C:\;C:\Users\Lenovo\AppData\Local\Microsoft\WindowsApps;C:\MinGW\bin;C:\Users\Lenovo\AppData\Local\Programs\MiKTeX\miktex\bin\x64\;C:\Program Files\JetBrains\CLion 2023.3.3\bin;C:\Users\Lenovo\AppData\Local\GitHubDesktop\bin;C:\Users\Lenovo\AppData\Local\Programs\Microsoft VS Code\bin;C:\mingw64\bin;C:\Users\Lenovo\AppData\Roaming\npm;C:\Users\Lenovo\AppData\Roaming\Microsoft\Windows\Start Menu\Programs\Netwide Assembler 2.16.03;C:\nasm;C:\fasm;C:\msys64\mingw64\bin;C:\msys64\usr\bin\;C:\Java\jdk-21\bin
JRE paths:	;C:\Java\jdk-21\bin;C:\Program Files (x86)\NVIDIA Corporation\PhysX\Common;C:\Users\Lenovo\Documents\oracle19c\bin;C:\Program Files\Eclipse Adoptium\jdk-17.0.10.7-hotspot\bin;C:\Program Files\Common Files\Oracle\Java\javapath;C:\WINDOWS\system32;C:\WINDOWS;C:\WINDOWS\System32\Wbem;C:\WINDOWS\System32\WindowsPowerShell\v1.0\;C:\WINDOWS\System32\OpenSSH\;C:\Program Files\dotnet\;C:\Program Files\Git\cmd;C:\Program Files\Wolfram Research\WolframScript\;C:\Program Files\nodejs\;C:\Program Files\MATLAB\R2024b\bin;;C:\Program Files\Docker\Docker\resources\bin;C:\Program Files\WiX Toolset v6.0\bin\;C:\;C:\Users\Lenovo\AppData\Local\Microsoft\WindowsApps;C:\MinGW\bin;C:\Users\Lenovo\AppData\Local\Programs\MiKTeX\miktex\bin\x64\;C:\Program Files\JetBrains\CLion 2023.3.3\bin;C:\Users\Lenovo\AppData\Local\GitHubDesktop\bin;C:\Users\Lenovo\AppData\Local\Programs\Microsoft VS Code\bin;C:\mingw64\bin;C:\Users\Lenovo\AppData\Roaming\npm;C:\Users\Lenovo\AppData\Roaming\Microsoft\Windows\Start Menu\Programs\Netwide Assembler 2.16.03;C:\nasm;C:\fasm;C:\msys64\mingw64\bin;C:\msys64\usr\bin\;C:\Java\jdk-21\bin
Check launcher:	C:\Java\jdk-21\bin\javaw.exe (OK)
Version string: 1.021.000_007 / 64-Bit (OK)
Launcher:	C:\Java\jdk-21\bin\javaw.exe
Launcher args:	-jar "C:\Users\Lenovo\Desktop\POO\PK-Tasks-Lista-De-Tareas-Java\PK-Tasks-Lista-De-Tareas-Java.exe"
Args length:	98/32768 chars
Exit code:	0


Version:	3.50
CmdLine:	C:\Users\Lenovo\Desktop\POO\PK-Tasks-Lista-De-Tareas-Java\PK-Tasks-Lista-De-Tareas-Java.exe --l4j-debug
JNI:		No
WOW64:		Yes
Working dir:	C:\Users\Lenovo\Desktop\POO\PK-Tasks-Lista-De-Tareas-Java\.
Requires JDK:	No
Requires 64-Bit: No
Java min ver:	1.008.000
Java max ver:	
Substitute:	JAVA_HOME = 
Substitute:	PATH = C:\Java\jdk-21\bin;C:\Program Files (x86)\NVIDIA Corporation\PhysX\Common;C:\Users\Lenovo\Documents\oracle19c\bin;C:\Program Files\Eclipse Adoptium\jdk-17.0.10.7-hotspot\bin;C:\Program Files\Common Files\Oracle\Java\javapath;C:\WINDOWS\system32;C:\WINDOWS;C:\WINDOWS\System32\Wbem;C:\WINDOWS\System32\WindowsPowerShell\v1.0\;C:\WINDOWS\System32\OpenSSH\;C:\Program Files\dotnet\;C:\Program Files\Git\cmd;C:\Program Files\Wolfram Research\WolframScript\;C:\Program Files\nodejs\;C:\Program Files\MATLAB\R2024b\bin;;C:\Program Files\Docker\Docker\resources\bin;C:\Program Files\WiX Toolset v6.0\bin\;C:\;C:\Users\Lenovo\AppData\Local\Microsoft\WindowsApps;C:\MinGW\bin;C:\Users\Lenovo\AppData\Local\Programs\MiKTeX\miktex\bin\x64\;C:\Program Files\JetBrains\CLion 2023.3.3\bin;C:\Users\Lenovo\AppData\Local\GitHubDesktop\bin;C:\Users\Lenovo\AppData\Local\Programs\Microsoft VS Code\bin;C:\mingw64\bin;C:\Users\Lenovo\AppData\Roaming\npm;C:\Users\Lenovo\AppData\Roaming\Microsoft\Windows\Start Menu\Programs\Netwide Assembler 2.16.03;C:\nasm;C:\fasm;C:\msys64\mingw64\bin;C:\msys64\usr\bin\;C:\Java\jdk-21\bin
JRE paths:	;C:\Java\jdk-21\bin;C:\Program Files (x86)\NVIDIA Corporation\PhysX\Common;C:\Users\Lenovo\Documents\oracle19c\bin;C:\Program Files\Eclipse Adoptium\jdk-17.0.10.7-hotspot\bin;C:\Program Files\Common Files\Oracle\Java\javapath;C:\WINDOWS\system32;C:\WINDOWS;C:\WINDOWS\System32\Wbem;C:\WINDOWS\System32\WindowsPowerShell\v1.0\;C:\WINDOWS\System32\OpenSSH\;C:\Program Files\dotnet\;C:\Program Files\Git\cmd;C:\Program Files\Wolfram Research\WolframScript\;C:\Program Files\nodejs\;C:\Program Files\MATLAB\R2024b\bin;;C:\Program Files\Docker\Docker\resources\bin;C:\Program Files\WiX Toolset v6.0\bin\;C:\;C:\Users\Lenovo\AppData\Local\Microsoft\WindowsApps;C:\MinGW\bin;C:\Users\Lenovo\AppData\Local\Programs\MiKTeX\miktex\bin\x64\;C:\Program Files\JetBrains\CLion 2023.3.3\bin;C:\Users\Lenovo\AppData\Local\GitHubDesktop\bin;C:\Users\Lenovo\AppData\Local\Programs\Microsoft VS Code\bin;C:\mingw64\bin;C:\Users\Lenovo\AppData\Roaming\npm;C:\Users\Lenovo\AppData\Roaming\Microsoft\Windows\Start Menu\Programs\Netwide Assembler 2.16.03;C:\nasm;C:\fasm;C:\msys64\mingw64\bin;C:\msys64\usr\bin\;C:\Java\jdk-21\bin
Check launcher:	C:\Java\jdk-21\bin\javaw.exe (OK)
Version string: 1.021.000_007 / 64-Bit (OK)
Launcher:	C:\Java\jdk-21\bin\javaw.exe
Launcher args:	-jar "C:\Users\Lenovo\Desktop\POO\PK-Tasks-Lista-De-Tareas-Java\PK-Tasks-Lista-De-Tareas-Java.exe"
Args length:	98/32768 chars
Exit code:	0


Version:	3.50
CmdLine:	C:\Users\Lenovo\Desktop\POO\PK-Tasks-Lista-De-Tareas-Java\PK-Tasks-Lista-De-Tareas-Java.exe --l4j-debug
JNI:		No
WOW64:		Yes
Working dir:	C:\Users\Lenovo\Desktop\POO\PK-Tasks-Lista-De-Tareas-Java\.
Requires JDK:	No
Requires 64-Bit: No
Java min ver:	1.008.000
Java max ver:	
Substitute:	JAVA_HOME = 
Substitute:	PATH = C:\Java\jdk-21\bin;C:\Program Files (x86)\NVIDIA Corporation\PhysX\Common;C:\Users\Lenovo\Documents\oracle19c\bin;C:\Program Files\Eclipse Adoptium\jdk-17.0.10.7-hotspot\bin;C:\Program Files\Common Files\Oracle\Java\javapath;C:\WINDOWS\system32;C:\WINDOWS;C:\WINDOWS\System32\Wbem;C:\WINDOWS\System32\WindowsPowerShell\v1.0\;C:\WINDOWS\System32\OpenSSH\;C:\Program Files\dotnet\;C:\Program Files\Git\cmd;C:\Program Files\Wolfram Research\WolframScript\;C:\Program Files\nodejs\;C:\Program Files\MATLAB\R2024b\bin;;C:\Program Files\Docker\Docker\resources\bin;C:\Program Files\WiX Toolset v6.0\bin\;C:\;C:\Users\Lenovo\AppData\Local\Microsoft\WindowsApps;C:\MinGW\bin;C:\Users\Lenovo\AppData\Local\Programs\MiKTeX\miktex\bin\x64\;C:\Program Files\JetBrains\CLion 2023.3.3\bin;C:\Users\Lenovo\AppData\Local\GitHubDesktop\bin;C:\Users\Lenovo\AppData\Local\Programs\Microsoft VS Code\bin;C:\mingw64\bin;C:\Users\Lenovo\AppData\Roaming\npm;C:\Users\Lenovo\AppData\Roaming\Microsoft\Windows\Start Menu\Programs\Netwide Assembler 2.16.03;C:\nasm;C:\fasm;C:\msys64\mingw64\bin;C:\msys64\usr\bin\;C:\Java\jdk-21\bin
JRE paths:	;C:\Java\jdk-21\bin;C:\Program Files (x86)\NVIDIA Corporation\PhysX\Common;C:\Users\Lenovo\Documents\oracle19c\bin;C:\Program Files\Eclipse Adoptium\jdk-17.0.10.7-hotspot\bin;C:\Program Files\Common Files\Oracle\Java\javapath;C:\WINDOWS\system32;C:\WINDOWS;C:\WINDOWS\System32\Wbem;C:\WINDOWS\System32\WindowsPowerShell\v1.0\;C:\WINDOWS\System32\OpenSSH\;C:\Program Files\dotnet\;C:\Program Files\Git\cmd;C:\Program Files\Wolfram Research\WolframScript\;C:\Program Files\nodejs\;C:\Program Files\MATLAB\R2024b\bin;;C:\Program Files\Docker\Docker\resources\bin;C:\Program Files\WiX Toolset v6.0\bin\;C:\;C:\Users\Lenovo\AppData\Local\Microsoft\WindowsApps;C:\MinGW\bin;C:\Users\Lenovo\AppData\Local\Programs\MiKTeX\miktex\bin\x64\;C:\Program Files\JetBrains\CLion 2023.3.3\bin;C:\Users\Lenovo\AppData\Local\GitHubDesktop\bin;C:\Users\Lenovo\AppData\Local\Programs\Microsoft VS Code\bin;C:\mingw64\bin;C:\Users\Lenovo\AppData\Roaming\npm;C:\Users\Lenovo\AppData\Roaming\Microsoft\Windows\Start Menu\Programs\Netwide Assembler 2.16.03;C:\nasm;C:\fasm;C:\msys64\mingw64\bin;C:\msys64\usr\bin\;C:\Java\jdk-21\bin
Check launcher:	C:\Java\jdk-21\bin\javaw.exe (OK)
Version string: 1.021.000_007 / 64-Bit (OK)
Launcher:	C:\Java\jdk-21\bin\javaw.exe
Launcher args:	--module-path "C:\Users\Lenovo\Downloads\openjfx-17.0.15_windows-x64_bin-sdk\javafx-sdk-17.0.15\lib" --add-modules=javafx.controls,javafx.fxml -jar "C:\Users\Lenovo\Desktop\POO\PK-Tasks-Lista-De-Tareas-Java\PK-Tasks-Lista-De-Tareas-Java.exe"
Args length:	241/32768 chars
Exit code:	0


Version:	3.50
CmdLine:	C:\Users\Lenovo\Desktop\POO\PK-Tasks-Lista-De-Tareas-Java\PK-Tasks-Lista-De-Tareas-Java.exe --l4j-debug
JNI:		No
WOW64:		Yes
Working dir:	C:\Users\Lenovo\Desktop\POO\PK-Tasks-Lista-De-Tareas-Java\.
Requires JDK:	No
Requires 64-Bit: No
Java min ver:	1.008.000
Java max ver:	
Substitute:	JAVA_HOME = 
Substitute:	PATH = C:\Java\jdk-21\bin;C:\Program Files (x86)\NVIDIA Corporation\PhysX\Common;C:\Users\Lenovo\Documents\oracle19c\bin;C:\Program Files\Eclipse Adoptium\jdk-17.0.10.7-hotspot\bin;C:\Program Files\Common Files\Oracle\Java\javapath;C:\WINDOWS\system32;C:\WINDOWS;C:\WINDOWS\System32\Wbem;C:\WINDOWS\System32\WindowsPowerShell\v1.0\;C:\WINDOWS\System32\OpenSSH\;C:\Program Files\dotnet\;C:\Program Files\Git\cmd;C:\Program Files\Wolfram Research\WolframScript\;C:\Program Files\nodejs\;C:\Program Files\MATLAB\R2024b\bin;;C:\Program Files\Docker\Docker\resources\bin;C:\Program Files\WiX Toolset v6.0\bin\;C:\;C:\Users\Lenovo\AppData\Local\Microsoft\WindowsApps;C:\MinGW\bin;C:\Users\Lenovo\AppData\Local\Programs\MiKTeX\miktex\bin\x64\;C:\Program Files\JetBrains\CLion 2023.3.3\bin;C:\Users\Lenovo\AppData\Local\GitHubDesktop\bin;C:\Users\Lenovo\AppData\Local\Programs\Microsoft VS Code\bin;C:\mingw64\bin;C:\Users\Lenovo\AppData\Roaming\npm;C:\Users\Lenovo\AppData\Roaming\Microsoft\Windows\Start Menu\Programs\Netwide Assembler 2.16.03;C:\nasm;C:\fasm;C:\msys64\mingw64\bin;C:\msys64\usr\bin\;C:\Java\jdk-21\bin
JRE paths:	;C:\Java\jdk-21\bin;C:\Program Files (x86)\NVIDIA Corporation\PhysX\Common;C:\Users\Lenovo\Documents\oracle19c\bin;C:\Program Files\Eclipse Adoptium\jdk-17.0.10.7-hotspot\bin;C:\Program Files\Common Files\Oracle\Java\javapath;C:\WINDOWS\system32;C:\WINDOWS;C:\WINDOWS\System32\Wbem;C:\WINDOWS\System32\WindowsPowerShell\v1.0\;C:\WINDOWS\System32\OpenSSH\;C:\Program Files\dotnet\;C:\Program Files\Git\cmd;C:\Program Files\Wolfram Research\WolframScript\;C:\Program Files\nodejs\;C:\Program Files\MATLAB\R2024b\bin;;C:\Program Files\Docker\Docker\resources\bin;C:\Program Files\WiX Toolset v6.0\bin\;C:\;C:\Users\Lenovo\AppData\Local\Microsoft\WindowsApps;C:\MinGW\bin;C:\Users\Lenovo\AppData\Local\Programs\MiKTeX\miktex\bin\x64\;C:\Program Files\JetBrains\CLion 2023.3.3\bin;C:\Users\Lenovo\AppData\Local\GitHubDesktop\bin;C:\Users\Lenovo\AppData\Local\Programs\Microsoft VS Code\bin;C:\mingw64\bin;C:\Users\Lenovo\AppData\Roaming\npm;C:\Users\Lenovo\AppData\Roaming\Microsoft\Windows\Start Menu\Programs\Netwide Assembler 2.16.03;C:\nasm;C:\fasm;C:\msys64\mingw64\bin;C:\msys64\usr\bin\;C:\Java\jdk-21\bin
Check launcher:	C:\Java\jdk-21\bin\javaw.exe (OK)
Version string: 1.021.000_007 / 64-Bit (OK)
Launcher:	C:\Java\jdk-21\bin\javaw.exe
Launcher args:	--module-path "C:\Users\Lenovo\Downloads\openjfx-17.0.15_windows-x64_bin-sdk\javafx-sdk-17.0.15\lib" --add-modules=javafx.controls,javafx.fxml -jar "C:\Users\Lenovo\Desktop\POO\PK-Tasks-Lista-De-Tareas-Java\PK-Tasks-Lista-De-Tareas-Java.exe"
Args length:	241/32768 chars
Exit code:	0


Version:	3.50
CmdLine:	C:\Users\Lenovo\Desktop\POO\PK-Tasks-Lista-De-Tareas-Java\PK-Tasks-Lista-De-Tareas-Java.exe --l4j-debug
JNI:		No
WOW64:		Yes
Working dir:	C:\Users\Lenovo\Desktop\POO\PK-Tasks-Lista-De-Tareas-Java\.
Requires JDK:	No
Requires 64-Bit: No
Java min ver:	1.008.000
Java max ver:	
JRE paths:	C:\Program Files\Java\jdk-21 
Check launcher:	C:\Program Files\Java\jdk-21 \bin\javaw.exe (not found)
64-bit search:	SOFTWARE\JavaSoft\Java Runtime Environment...
32-bit search:	SOFTWARE\JavaSoft\Java Runtime Environment...
64-bit search:	SOFTWARE\JavaSoft\Java Development Kit...
32-bit search:	SOFTWARE\JavaSoft\Java Development Kit...
64-bit search:	SOFTWARE\JavaSoft\JRE...
32-bit search:	SOFTWARE\JavaSoft\JRE...
64-bit search:	SOFTWARE\JavaSoft\JDK...
Check:		SOFTWARE\JavaSoft\JDK\17.0.10
Version string: 1.017.000_010 / 64-Bit (OK)
Check launcher:	C:\Program Files\Java\jdk-17\bin\javaw.exe (OK)
Match:		1.017.000_010
Runtime used:	1.017.000_010 (64-bit)
Launcher:	C:\Program Files\Java\jdk-17\bin\javaw.exe
Launcher args:	--module-path "C:\Users\Lenovo\Downloads\openjfx-17.0.15_windows-x64_bin-sdk\javafx-sdk-17.0.15\lib" --add-modules=javafx.controls,javafx.fxml -jar "C:\Users\Lenovo\Desktop\POO\PK-Tasks-Lista-De-Tareas-Java\PK-Tasks-Lista-De-Tareas-Java.exe"
Args length:	241/32768 chars
Exit code:	0


Version:	3.50
CmdLine:	C:\Users\Lenovo\Desktop\POO\PK-Tasks-Lista-De-Tareas-Java\PK-Tasks-Lista-De-Tareas-Java.exe --l4j-debug
JNI:		No
WOW64:		Yes
Working dir:	C:\Users\Lenovo\Desktop\POO\PK-Tasks-Lista-De-Tareas-Java\.
Requires JDK:	No
Requires 64-Bit: No
Java min ver:	1.008.000
Java max ver:	
JRE paths:	C:\Program Files\Java\jdk-21 
Check launcher:	C:\Program Files\Java\jdk-21 \bin\javaw.exe (not found)
64-bit search:	SOFTWARE\JavaSoft\Java Runtime Environment...
32-bit search:	SOFTWARE\JavaSoft\Java Runtime Environment...
64-bit search:	SOFTWARE\JavaSoft\Java Development Kit...
32-bit search:	SOFTWARE\JavaSoft\Java Development Kit...
64-bit search:	SOFTWARE\JavaSoft\JRE...
32-bit search:	SOFTWARE\JavaSoft\JRE...
64-bit search:	SOFTWARE\JavaSoft\JDK...
Check:		SOFTWARE\JavaSoft\JDK\17.0.10
Version string: 1.017.000_010 / 64-Bit (OK)
Check launcher:	C:\Program Files\Java\jdk-17\bin\javaw.exe (OK)
Match:		1.017.000_010
Runtime used:	1.017.000_010 (64-bit)
Launcher:	C:\Program Files\Java\jdk-17\bin\javaw.exe
Launcher args:	--module-path "C:\Users\Lenovo\Downloads\openjfx-17.0.15_windows-x64_bin-sdk\javafx-sdk-17.0.15\lib" --add-modules=javafx.controls,javafx.fxml -jar "C:\Users\Lenovo\Desktop\POO\PK-Tasks-Lista-De-Tareas-Java\PK-Tasks-Lista-De-Tareas-Java.exe"
Args length:	241/32768 chars
Exit code:	0


Version:	3.50
CmdLine:	C:\Users\Lenovo\Desktop\POO\PK-Tasks-Lista-De-Tareas-Java\PK-Tasks-Lista-De-Tareas-Java.exe --l4j-debug
JNI:		No
WOW64:		Yes
Working dir:	C:\Users\Lenovo\Desktop\POO\PK-Tasks-Lista-De-Tareas-Java\.
Requires JDK:	No
Requires 64-Bit: No
Java min ver:	1.008.000
Java max ver:	
JRE paths:	C:\Program Files\Java\jdk-21 
Check launcher:	C:\Program Files\Java\jdk-21 \bin\javaw.exe (not found)
64-bit search:	SOFTWARE\JavaSoft\Java Runtime Environment...
32-bit search:	SOFTWARE\JavaSoft\Java Runtime Environment...
64-bit search:	SOFTWARE\JavaSoft\Java Development Kit...
32-bit search:	SOFTWARE\JavaSoft\Java Development Kit...
64-bit search:	SOFTWARE\JavaSoft\JRE...
32-bit search:	SOFTWARE\JavaSoft\JRE...
64-bit search:	SOFTWARE\JavaSoft\JDK...
Check:		SOFTWARE\JavaSoft\JDK\17.0.10
Version string: 1.017.000_010 / 64-Bit (OK)
Check launcher:	C:\Program Files\Java\jdk-17\bin\javaw.exe (OK)
Match:		1.017.000_010
Runtime used:	1.017.000_010 (64-bit)
Launcher:	C:\Program Files\Java\jdk-17\bin\javaw.exe
Launcher args:	--module-path "C:\Users\Lenovo\Downloads\openjfx-17.0.15_windows-x64_bin-sdk\javafx-sdk-17.0.15\lib" --add-modules=javafx.controls,javafx.fxml -jar "C:\Users\Lenovo\Desktop\POO\PK-Tasks-Lista-De-Tareas-Java\PK-Tasks-Lista-De-Tareas-Java.exe"
Args length:	241/32768 chars
Exit code:	0


Version:	3.50
CmdLine:	C:\Users\Lenovo\Desktop\POO\PK-Tasks-Lista-De-Tareas-Java\PK-Tasks-Lista-De-Tareas-Java.exe --l4j-debug
JNI:		No
WOW64:		Yes
Working dir:	C:\Users\Lenovo\Desktop\POO\PK-Tasks-Lista-De-Tareas-Java\.
Requires JDK:	No
Requires 64-Bit: No
Java min ver:	1.008.000
Java max ver:	
JRE paths:	C:\Program Files\Java\jdk-21 
Check launcher:	C:\Program Files\Java\jdk-21 \bin\javaw.exe (not found)
64-bit search:	SOFTWARE\JavaSoft\Java Runtime Environment...
32-bit search:	SOFTWARE\JavaSoft\Java Runtime Environment...
64-bit search:	SOFTWARE\JavaSoft\Java Development Kit...
32-bit search:	SOFTWARE\JavaSoft\Java Development Kit...
64-bit search:	SOFTWARE\JavaSoft\JRE...
32-bit search:	SOFTWARE\JavaSoft\JRE...
64-bit search:	SOFTWARE\JavaSoft\JDK...
Check:		SOFTWARE\JavaSoft\JDK\17.0.10
Version string: 1.017.000_010 / 64-Bit (OK)
Check launcher:	C:\Program Files\Java\jdk-17\bin\javaw.exe (OK)
Match:		1.017.000_010
Runtime used:	1.017.000_010 (64-bit)
Launcher:	C:\Program Files\Java\jdk-17\bin\javaw.exe
Launcher args:	--module-path "C:\Users\Lenovo\Downloads\openjfx-17.0.15_windows-x64_bin-sdk\javafx-sdk-17.0.15\lib" --add-modules=javafx.controls,javafx.fxml -jar "C:\Users\Lenovo\Desktop\POO\PK-Tasks-Lista-De-Tareas-Java\PK-Tasks-Lista-De-Tareas-Java.exe"
Args length:	241/32768 chars
Exit code:	0


Version:	3.50
CmdLine:	C:\Users\Lenovo\Desktop\POO\PK-Tasks-Lista-De-Tareas-Java\PK-Tasks-Lista-De-Tareas-Java.exe --l4j-debug
JNI:		No
WOW64:		Yes
Working dir:	C:\Users\Lenovo\Desktop\POO\PK-Tasks-Lista-De-Tareas-Java\.
Requires JDK:	No
Requires 64-Bit: No
Java min ver:	1.017.000
Java max ver:	
Substitute:	JAVA_HOME = 
Substitute:	PATH = C:\Java\jdk-21\bin;C:\Program Files (x86)\NVIDIA Corporation\PhysX\Common;C:\Users\Lenovo\Documents\oracle19c\bin;C:\Program Files\Eclipse Adoptium\jdk-17.0.10.7-hotspot\bin;C:\Program Files\Common Files\Oracle\Java\javapath;C:\WINDOWS\system32;C:\WINDOWS;C:\WINDOWS\System32\Wbem;C:\WINDOWS\System32\WindowsPowerShell\v1.0\;C:\WINDOWS\System32\OpenSSH\;C:\Program Files\dotnet\;C:\Program Files\Git\cmd;C:\Program Files\Wolfram Research\WolframScript\;C:\Program Files\nodejs\;C:\Program Files\MATLAB\R2024b\bin;;C:\Program Files\Docker\Docker\resources\bin;C:\Program Files\WiX Toolset v6.0\bin\;C:\;C:\Users\Lenovo\AppData\Local\Microsoft\WindowsApps;C:\MinGW\bin;C:\Users\Lenovo\AppData\Local\Programs\MiKTeX\miktex\bin\x64\;C:\Program Files\JetBrains\CLion 2023.3.3\bin;C:\Users\Lenovo\AppData\Local\GitHubDesktop\bin;C:\Users\Lenovo\AppData\Local\Programs\Microsoft VS Code\bin;C:\mingw64\bin;C:\Users\Lenovo\AppData\Roaming\npm;C:\Users\Lenovo\AppData\Roaming\Microsoft\Windows\Start Menu\Programs\Netwide Assembler 2.16.03;C:\nasm;C:\fasm;C:\msys64\mingw64\bin;C:\msys64\usr\bin\;C:\Java\jdk-21\bin
JRE paths:	;C:\Java\jdk-21\bin;C:\Program Files (x86)\NVIDIA Corporation\PhysX\Common;C:\Users\Lenovo\Documents\oracle19c\bin;C:\Program Files\Eclipse Adoptium\jdk-17.0.10.7-hotspot\bin;C:\Program Files\Common Files\Oracle\Java\javapath;C:\WINDOWS\system32;C:\WINDOWS;C:\WINDOWS\System32\Wbem;C:\WINDOWS\System32\WindowsPowerShell\v1.0\;C:\WINDOWS\System32\OpenSSH\;C:\Program Files\dotnet\;C:\Program Files\Git\cmd;C:\Program Files\Wolfram Research\WolframScript\;C:\Program Files\nodejs\;C:\Program Files\MATLAB\R2024b\bin;;C:\Program Files\Docker\Docker\resources\bin;C:\Program Files\WiX Toolset v6.0\bin\;C:\;C:\Users\Lenovo\AppData\Local\Microsoft\WindowsApps;C:\MinGW\bin;C:\Users\Lenovo\AppData\Local\Programs\MiKTeX\miktex\bin\x64\;C:\Program Files\JetBrains\CLion 2023.3.3\bin;C:\Users\Lenovo\AppData\Local\GitHubDesktop\bin;C:\Users\Lenovo\AppData\Local\Programs\Microsoft VS Code\bin;C:\mingw64\bin;C:\Users\Lenovo\AppData\Roaming\npm;C:\Users\Lenovo\AppData\Roaming\Microsoft\Windows\Start Menu\Programs\Netwide Assembler 2.16.03;C:\nasm;C:\fasm;C:\msys64\mingw64\bin;C:\msys64\usr\bin\;C:\Java\jdk-21\bin
Check launcher:	C:\Java\jdk-21\bin\javaw.exe (OK)
Version string: 1.021.000_007 / 64-Bit (OK)
Launcher:	C:\Java\jdk-21\bin\javaw.exe
Launcher args:	--module-path "C:\javafx-sdk-17.0.15\lib" --add-modules javafx.controls,javafx.fxml -jar "C:\Users\Lenovo\Desktop\POO\PK-Tasks-Lista-De-Tareas-Java\PK-Tasks-Lista-De-Tareas-Java.exe"
Args length:	182/32768 chars
Exit code:	0


Version:	3.50
CmdLine:	C:\Users\Lenovo\Desktop\POO\PK-Tasks-Lista-De-Tareas-Java\PK-Tasks-Lista-De-Tareas-Java.exe --l4j-debug
JNI:		No
WOW64:		Yes
Working dir:	C:\Users\Lenovo\Desktop\POO\PK-Tasks-Lista-De-Tareas-Java\.
Requires JDK:	No
Requires 64-Bit: No
Java min ver:	1.017.000
Java max ver:	
Substitute:	JAVA_HOME = 
Substitute:	PATH = C:\Java\jdk-21\bin;C:\Program Files (x86)\NVIDIA Corporation\PhysX\Common;C:\Users\Lenovo\Documents\oracle19c\bin;C:\Program Files\Eclipse Adoptium\jdk-17.0.10.7-hotspot\bin;C:\Program Files\Common Files\Oracle\Java\javapath;C:\WINDOWS\system32;C:\WINDOWS;C:\WINDOWS\System32\Wbem;C:\WINDOWS\System32\WindowsPowerShell\v1.0\;C:\WINDOWS\System32\OpenSSH\;C:\Program Files\dotnet\;C:\Program Files\Git\cmd;C:\Program Files\Wolfram Research\WolframScript\;C:\Program Files\nodejs\;C:\Program Files\MATLAB\R2024b\bin;;C:\Program Files\Docker\Docker\resources\bin;C:\Program Files\WiX Toolset v6.0\bin\;C:\;C:\Users\Lenovo\AppData\Local\Microsoft\WindowsApps;C:\MinGW\bin;C:\Users\Lenovo\AppData\Local\Programs\MiKTeX\miktex\bin\x64\;C:\Program Files\JetBrains\CLion 2023.3.3\bin;C:\Users\Lenovo\AppData\Local\GitHubDesktop\bin;C:\Users\Lenovo\AppData\Local\Programs\Microsoft VS Code\bin;C:\mingw64\bin;C:\Users\Lenovo\AppData\Roaming\npm;C:\Users\Lenovo\AppData\Roaming\Microsoft\Windows\Start Menu\Programs\Netwide Assembler 2.16.03;C:\nasm;C:\fasm;C:\msys64\mingw64\bin;C:\msys64\usr\bin\;C:\Java\jdk-21\bin
JRE paths:	;C:\Java\jdk-21\bin;C:\Program Files (x86)\NVIDIA Corporation\PhysX\Common;C:\Users\Lenovo\Documents\oracle19c\bin;C:\Program Files\Eclipse Adoptium\jdk-17.0.10.7-hotspot\bin;C:\Program Files\Common Files\Oracle\Java\javapath;C:\WINDOWS\system32;C:\WINDOWS;C:\WINDOWS\System32\Wbem;C:\WINDOWS\System32\WindowsPowerShell\v1.0\;C:\WINDOWS\System32\OpenSSH\;C:\Program Files\dotnet\;C:\Program Files\Git\cmd;C:\Program Files\Wolfram Research\WolframScript\;C:\Program Files\nodejs\;C:\Program Files\MATLAB\R2024b\bin;;C:\Program Files\Docker\Docker\resources\bin;C:\Program Files\WiX Toolset v6.0\bin\;C:\;C:\Users\Lenovo\AppData\Local\Microsoft\WindowsApps;C:\MinGW\bin;C:\Users\Lenovo\AppData\Local\Programs\MiKTeX\miktex\bin\x64\;C:\Program Files\JetBrains\CLion 2023.3.3\bin;C:\Users\Lenovo\AppData\Local\GitHubDesktop\bin;C:\Users\Lenovo\AppData\Local\Programs\Microsoft VS Code\bin;C:\mingw64\bin;C:\Users\Lenovo\AppData\Roaming\npm;C:\Users\Lenovo\AppData\Roaming\Microsoft\Windows\Start Menu\Programs\Netwide Assembler 2.16.03;C:\nasm;C:\fasm;C:\msys64\mingw64\bin;C:\msys64\usr\bin\;C:\Java\jdk-21\bin
Check launcher:	C:\Java\jdk-21\bin\javaw.exe (OK)
Version string: 1.021.000_007 / 64-Bit (OK)
Launcher:	C:\Java\jdk-21\bin\javaw.exe
Launcher args:	--module-path "C:\javafx-sdk-17.0.15\lib" --add-modules javafx.controls,javafx.fxml -jar "C:\Users\Lenovo\Desktop\POO\PK-Tasks-Lista-De-Tareas-Java\PK-Tasks-Lista-De-Tareas-Java.exe"
Args length:	182/32768 chars
Exit code:	0


Version:	3.50
CmdLine:	C:\Users\Lenovo\Desktop\POO\PK-Tasks-Lista-De-Tareas-Java\PK-Tasks-Lista-De-Tareas-Java.exe --l4j-debug
JNI:		No
WOW64:		Yes
Working dir:	C:\Users\Lenovo\Desktop\POO\PK-Tasks-Lista-De-Tareas-Java\.
Requires JDK:	No
Requires 64-Bit: No
Java min ver:	1.017.000
Java max ver:	
Substitute:	JAVA_HOME = 
Substitute:	PATH = C:\Java\jdk-21\bin;C:\Program Files (x86)\NVIDIA Corporation\PhysX\Common;C:\Users\Lenovo\Documents\oracle19c\bin;C:\Program Files\Eclipse Adoptium\jdk-17.0.10.7-hotspot\bin;C:\Program Files\Common Files\Oracle\Java\javapath;C:\WINDOWS\system32;C:\WINDOWS;C:\WINDOWS\System32\Wbem;C:\WINDOWS\System32\WindowsPowerShell\v1.0\;C:\WINDOWS\System32\OpenSSH\;C:\Program Files\dotnet\;C:\Program Files\Git\cmd;C:\Program Files\Wolfram Research\WolframScript\;C:\Program Files\nodejs\;C:\Program Files\MATLAB\R2024b\bin;;C:\Program Files\Docker\Docker\resources\bin;C:\Program Files\WiX Toolset v6.0\bin\;C:\;C:\Users\Lenovo\AppData\Local\Microsoft\WindowsApps;C:\MinGW\bin;C:\Users\Lenovo\AppData\Local\Programs\MiKTeX\miktex\bin\x64\;C:\Program Files\JetBrains\CLion 2023.3.3\bin;C:\Users\Lenovo\AppData\Local\GitHubDesktop\bin;C:\Users\Lenovo\AppData\Local\Programs\Microsoft VS Code\bin;C:\mingw64\bin;C:\Users\Lenovo\AppData\Roaming\npm;C:\Users\Lenovo\AppData\Roaming\Microsoft\Windows\Start Menu\Programs\Netwide Assembler 2.16.03;C:\nasm;C:\fasm;C:\msys64\mingw64\bin;C:\msys64\usr\bin\;C:\Java\jdk-21\bin
JRE paths:	;C:\Java\jdk-21\bin;C:\Program Files (x86)\NVIDIA Corporation\PhysX\Common;C:\Users\Lenovo\Documents\oracle19c\bin;C:\Program Files\Eclipse Adoptium\jdk-17.0.10.7-hotspot\bin;C:\Program Files\Common Files\Oracle\Java\javapath;C:\WINDOWS\system32;C:\WINDOWS;C:\WINDOWS\System32\Wbem;C:\WINDOWS\System32\WindowsPowerShell\v1.0\;C:\WINDOWS\System32\OpenSSH\;C:\Program Files\dotnet\;C:\Program Files\Git\cmd;C:\Program Files\Wolfram Research\WolframScript\;C:\Program Files\nodejs\;C:\Program Files\MATLAB\R2024b\bin;;C:\Program Files\Docker\Docker\resources\bin;C:\Program Files\WiX Toolset v6.0\bin\;C:\;C:\Users\Lenovo\AppData\Local\Microsoft\WindowsApps;C:\MinGW\bin;C:\Users\Lenovo\AppData\Local\Programs\MiKTeX\miktex\bin\x64\;C:\Program Files\JetBrains\CLion 2023.3.3\bin;C:\Users\Lenovo\AppData\Local\GitHubDesktop\bin;C:\Users\Lenovo\AppData\Local\Programs\Microsoft VS Code\bin;C:\mingw64\bin;C:\Users\Lenovo\AppData\Roaming\npm;C:\Users\Lenovo\AppData\Roaming\Microsoft\Windows\Start Menu\Programs\Netwide Assembler 2.16.03;C:\nasm;C:\fasm;C:\msys64\mingw64\bin;C:\msys64\usr\bin\;C:\Java\jdk-21\bin
Check launcher:	C:\Java\jdk-21\bin\javaw.exe (OK)
Version string: 1.021.000_007 / 64-Bit (OK)
Launcher:	C:\Java\jdk-21\bin\javaw.exe
Launcher args:	--module-path "C:\javafx-sdk-17.0.15\lib" --add-modules javafx.controls,javafx.fxml -jar "C:\Users\Lenovo\Desktop\POO\PK-Tasks-Lista-De-Tareas-Java\PK-Tasks-Lista-De-Tareas-Java.exe"
Args length:	182/32768 chars
Exit code:	0


Version:	3.50
CmdLine:	C:\Users\Lenovo\Desktop\POO\PK-Tasks-Lista-De-Tareas-Java\PK-Tasks-Lista-De-Tareas-Java.exe --l4j-debug
JNI:		No
WOW64:		Yes
Working dir:	C:\Users\Lenovo\Desktop\POO\PK-Tasks-Lista-De-Tareas-Java\.
Requires JDK:	No
Requires 64-Bit: No
Java min ver:	1.017.000
Java max ver:	
Substitute:	JAVA_HOME = 
Substitute:	PATH = C:\Java\jdk-21\bin;C:\Program Files (x86)\NVIDIA Corporation\PhysX\Common;C:\Users\Lenovo\Documents\oracle19c\bin;C:\Program Files\Eclipse Adoptium\jdk-17.0.10.7-hotspot\bin;C:\Program Files\Common Files\Oracle\Java\javapath;C:\WINDOWS\system32;C:\WINDOWS;C:\WINDOWS\System32\Wbem;C:\WINDOWS\System32\WindowsPowerShell\v1.0\;C:\WINDOWS\System32\OpenSSH\;C:\Program Files\dotnet\;C:\Program Files\Git\cmd;C:\Program Files\Wolfram Research\WolframScript\;C:\Program Files\nodejs\;C:\Program Files\MATLAB\R2024b\bin;;C:\Program Files\Docker\Docker\resources\bin;C:\Program Files\WiX Toolset v6.0\bin\;C:\;C:\Users\Lenovo\AppData\Local\Microsoft\WindowsApps;C:\MinGW\bin;C:\Users\Lenovo\AppData\Local\Programs\MiKTeX\miktex\bin\x64\;C:\Program Files\JetBrains\CLion 2023.3.3\bin;C:\Users\Lenovo\AppData\Local\GitHubDesktop\bin;C:\Users\Lenovo\AppData\Local\Programs\Microsoft VS Code\bin;C:\mingw64\bin;C:\Users\Lenovo\AppData\Roaming\npm;C:\Users\Lenovo\AppData\Roaming\Microsoft\Windows\Start Menu\Programs\Netwide Assembler 2.16.03;C:\nasm;C:\fasm;C:\msys64\mingw64\bin;C:\msys64\usr\bin\;C:\Java\jdk-21\bin
JRE paths:	;C:\Java\jdk-21\bin;C:\Program Files (x86)\NVIDIA Corporation\PhysX\Common;C:\Users\Lenovo\Documents\oracle19c\bin;C:\Program Files\Eclipse Adoptium\jdk-17.0.10.7-hotspot\bin;C:\Program Files\Common Files\Oracle\Java\javapath;C:\WINDOWS\system32;C:\WINDOWS;C:\WINDOWS\System32\Wbem;C:\WINDOWS\System32\WindowsPowerShell\v1.0\;C:\WINDOWS\System32\OpenSSH\;C:\Program Files\dotnet\;C:\Program Files\Git\cmd;C:\Program Files\Wolfram Research\WolframScript\;C:\Program Files\nodejs\;C:\Program Files\MATLAB\R2024b\bin;;C:\Program Files\Docker\Docker\resources\bin;C:\Program Files\WiX Toolset v6.0\bin\;C:\;C:\Users\Lenovo\AppData\Local\Microsoft\WindowsApps;C:\MinGW\bin;C:\Users\Lenovo\AppData\Local\Programs\MiKTeX\miktex\bin\x64\;C:\Program Files\JetBrains\CLion 2023.3.3\bin;C:\Users\Lenovo\AppData\Local\GitHubDesktop\bin;C:\Users\Lenovo\AppData\Local\Programs\Microsoft VS Code\bin;C:\mingw64\bin;C:\Users\Lenovo\AppData\Roaming\npm;C:\Users\Lenovo\AppData\Roaming\Microsoft\Windows\Start Menu\Programs\Netwide Assembler 2.16.03;C:\nasm;C:\fasm;C:\msys64\mingw64\bin;C:\msys64\usr\bin\;C:\Java\jdk-21\bin
Check launcher:	C:\Java\jdk-21\bin\javaw.exe (OK)
Version string: 1.021.000_007 / 64-Bit (OK)
Launcher:	C:\Java\jdk-21\bin\javaw.exe
Launcher args:	--module-path "C:\javafx-sdk-17.0.15\lib" --add-modules javafx.controls,javafx.fxml -jar "C:\Users\Lenovo\Desktop\POO\PK-Tasks-Lista-De-Tareas-Java\PK-Tasks-Lista-De-Tareas-Java.exe"
Args length:	182/32768 chars
Exit code:	0


Version:	3.50
CmdLine:	C:\Users\Lenovo\Desktop\POO\PK-Tasks-Lista-De-Tareas-Java\PK-Tasks-Lista-De-Tareas-Java.exe --l4j-debug
JNI:		No
WOW64:		Yes
Working dir:	C:\Users\Lenovo\Desktop\POO\PK-Tasks-Lista-De-Tareas-Java\.
Requires JDK:	Yes
Requires 64-Bit: No
Java min ver:	1.021.000
Java max ver:	
Substitute:	JAVA_HOME = 
Substitute:	PATH = C:\Java\jdk-21\bin;C:\Program Files (x86)\NVIDIA Corporation\PhysX\Common;C:\Users\Lenovo\Documents\oracle19c\bin;C:\Program Files\Eclipse Adoptium\jdk-17.0.10.7-hotspot\bin;C:\Program Files\Common Files\Oracle\Java\javapath;C:\WINDOWS\system32;C:\WINDOWS;C:\WINDOWS\System32\Wbem;C:\WINDOWS\System32\WindowsPowerShell\v1.0\;C:\WINDOWS\System32\OpenSSH\;C:\Program Files\dotnet\;C:\Program Files\Git\cmd;C:\Program Files\Wolfram Research\WolframScript\;C:\Program Files\nodejs\;C:\Program Files\MATLAB\R2024b\bin;;C:\Program Files\Docker\Docker\resources\bin;C:\Program Files\WiX Toolset v6.0\bin\;C:\;C:\Users\Lenovo\AppData\Local\Microsoft\WindowsApps;C:\MinGW\bin;C:\Users\Lenovo\AppData\Local\Programs\MiKTeX\miktex\bin\x64\;C:\Program Files\JetBrains\CLion 2023.3.3\bin;C:\Users\Lenovo\AppData\Local\GitHubDesktop\bin;C:\Users\Lenovo\AppData\Local\Programs\Microsoft VS Code\bin;C:\mingw64\bin;C:\Users\Lenovo\AppData\Roaming\npm;C:\Users\Lenovo\AppData\Roaming\Microsoft\Windows\Start Menu\Programs\Netwide Assembler 2.16.03;C:\nasm;C:\fasm;C:\msys64\mingw64\bin;C:\msys64\usr\bin\;C:\Java\jdk-21\bin
JRE paths:	;C:\Java\jdk-21\bin;C:\Program Files (x86)\NVIDIA Corporation\PhysX\Common;C:\Users\Lenovo\Documents\oracle19c\bin;C:\Program Files\Eclipse Adoptium\jdk-17.0.10.7-hotspot\bin;C:\Program Files\Common Files\Oracle\Java\javapath;C:\WINDOWS\system32;C:\WINDOWS;C:\WINDOWS\System32\Wbem;C:\WINDOWS\System32\WindowsPowerShell\v1.0\;C:\WINDOWS\System32\OpenSSH\;C:\Program Files\dotnet\;C:\Program Files\Git\cmd;C:\Program Files\Wolfram Research\WolframScript\;C:\Program Files\nodejs\;C:\Program Files\MATLAB\R2024b\bin;;C:\Program Files\Docker\Docker\resources\bin;C:\Program Files\WiX Toolset v6.0\bin\;C:\;C:\Users\Lenovo\AppData\Local\Microsoft\WindowsApps;C:\MinGW\bin;C:\Users\Lenovo\AppData\Local\Programs\MiKTeX\miktex\bin\x64\;C:\Program Files\JetBrains\CLion 2023.3.3\bin;C:\Users\Lenovo\AppData\Local\GitHubDesktop\bin;C:\Users\Lenovo\AppData\Local\Programs\Microsoft VS Code\bin;C:\mingw64\bin;C:\Users\Lenovo\AppData\Roaming\npm;C:\Users\Lenovo\AppData\Roaming\Microsoft\Windows\Start Menu\Programs\Netwide Assembler 2.16.03;C:\nasm;C:\fasm;C:\msys64\mingw64\bin;C:\msys64\usr\bin\;C:\Java\jdk-21\bin
Check launcher:	C:\Java\jdk-21\bin\javaw.exe (OK)
Check javac:	C:\Java\jdk-21\bin\javac.exe (OK)
Version string: 1.021.000_007 / 64-Bit (OK)
Launcher:	C:\Java\jdk-21\bin\javaw.exe
Launcher args:	--module-path "C:\javafx-sdk-17.0.15\lib" --add-modules javafx.controls,javafx.fxml -jar "C:\Users\Lenovo\Desktop\POO\PK-Tasks-Lista-De-Tareas-Java\PK-Tasks-Lista-De-Tareas-Java.exe"
Args length:	182/32768 chars
Exit code:	0
